SF:lib\data\data_base\data_base.g.dart
DA:10,2
DA:13,4
DA:14,2
DA:19,2
DA:22,4
DA:23,2
DA:28,4
DA:29,2
DA:34,4
DA:35,2
DA:40,4
DA:41,2
DA:45,4
DA:46,2
DA:51,2
DA:52,4
DA:57,2
DA:58,4
DA:62,4
DA:63,2
DA:65,2
DA:66,2
DA:67,2
DA:68,2
DA:69,2
DA:70,2
DA:71,2
DA:72,2
DA:73,2
DA:74,2
DA:75,2
DA:77,2
DA:78,4
DA:79,2
DA:82,0
DA:85,0
DA:86,0
DA:87,0
DA:88,0
DA:90,0
DA:91,0
DA:92,0
DA:94,0
DA:96,0
DA:97,0
DA:99,0
DA:100,0
DA:102,0
DA:104,0
DA:105,0
DA:107,0
DA:108,0
DA:110,0
DA:112,0
DA:113,0
DA:114,0
DA:116,0
DA:118,0
DA:119,0
DA:120,0
DA:122,0
DA:124,0
DA:125,0
DA:126,0
DA:128,0
DA:130,0
DA:131,0
DA:133,0
DA:134,0
DA:136,0
DA:138,0
DA:139,0
DA:140,0
DA:142,0
DA:147,2
DA:148,2
DA:149,0
DA:151,0
DA:152,0
DA:153,0
DA:154,0
DA:155,0
DA:156,0
DA:157,0
DA:158,0
DA:159,0
DA:160,0
DA:161,0
DA:162,0
DA:163,0
DA:164,0
DA:165,0
DA:166,0
DA:167,0
DA:168,0
DA:169,0
DA:170,0
DA:174,0
DA:176,0
DA:190,0
DA:200,0
DA:202,0
DA:203,0
DA:204,0
DA:205,0
DA:206,0
DA:207,0
DA:208,0
DA:209,0
DA:210,0
DA:211,0
DA:212,0
DA:213,0
DA:217,0
DA:218,0
DA:219,0
DA:220,0
DA:221,0
DA:222,0
DA:223,0
DA:224,0
DA:225,0
DA:226,0
DA:227,0
DA:231,0
DA:233,0
DA:234,0
DA:235,0
DA:236,0
DA:237,0
DA:238,0
DA:239,0
DA:240,0
DA:241,0
DA:242,0
DA:243,0
DA:246,0
DA:248,0
DA:249,0
DA:250,0
DA:251,0
DA:252,0
DA:253,0
DA:254,0
DA:255,0
DA:256,0
DA:257,0
DA:258,0
DA:262,0
DA:272,0
DA:273,0
DA:274,0
DA:275,0
DA:276,0
DA:277,0
DA:278,0
DA:279,0
DA:280,0
DA:281,0
DA:283,0
DA:284,0
DA:285,0
DA:286,0
DA:288,0
DA:289,0
DA:290,0
DA:291,0
DA:292,0
DA:293,0
DA:294,0
DA:296,0
DA:297,0
DA:301,0
DA:303,0
DA:304,0
DA:305,0
DA:306,0
DA:307,0
DA:308,0
DA:309,0
DA:310,0
DA:311,0
DA:312,0
DA:313,0
DA:314,0
DA:317,0
DA:318,0
DA:319,0
DA:320,0
DA:323,0
DA:324,0
DA:325,0
DA:326,0
DA:327,0
DA:328,0
DA:329,0
DA:330,0
DA:331,0
DA:332,0
DA:345,0
DA:356,0
DA:366,0
DA:367,0
DA:368,0
DA:369,0
DA:370,0
DA:371,0
DA:372,0
DA:373,0
DA:374,0
DA:385,0
DA:386,0
DA:387,0
DA:388,0
DA:389,0
DA:390,0
DA:391,0
DA:392,0
DA:393,0
DA:394,0
DA:398,0
DA:408,0
DA:409,0
DA:410,0
DA:411,0
DA:412,0
DA:413,0
DA:414,0
DA:415,0
DA:416,0
DA:417,0
DA:421,0
DA:423,0
DA:424,0
DA:425,0
DA:427,0
DA:428,0
DA:430,0
DA:431,0
DA:433,0
DA:434,0
DA:436,0
DA:437,0
DA:439,0
DA:440,0
DA:442,0
DA:443,0
DA:444,0
DA:446,0
DA:447,0
DA:448,0
DA:450,0
DA:451,0
DA:456,0
DA:458,0
DA:459,0
DA:460,0
DA:461,0
DA:462,0
DA:463,0
DA:464,0
DA:465,0
DA:466,0
DA:467,0
DA:468,0
DA:469,0
DA:478,2
DA:481,4
DA:482,2
DA:487,2
DA:490,4
DA:491,2
DA:493,2
DA:494,6
DA:495,2
DA:496,4
DA:497,2
DA:500,2
DA:503,2
DA:504,2
DA:505,2
DA:506,0
DA:508,2
DA:509,2
DA:510,6
DA:512,0
DA:517,2
DA:518,2
DA:519,1
DA:521,0
DA:522,1
DA:523,2
DA:524,3
DA:525,2
DA:526,3
DA:530,0
DA:532,0
DA:539,1
DA:540,0
DA:542,0
DA:543,0
DA:544,0
DA:548,0
DA:549,0
DA:550,0
DA:551,0
DA:555,0
DA:557,0
DA:558,0
DA:559,0
DA:560,0
DA:563,0
DA:565,0
DA:566,0
DA:567,0
DA:568,0
DA:572,0
DA:573,0
DA:574,0
DA:576,0
DA:577,0
DA:578,0
DA:579,0
DA:583,0
DA:585,0
DA:586,0
DA:587,0
DA:588,0
DA:589,0
DA:592,0
DA:593,0
DA:594,0
DA:597,0
DA:603,2
DA:607,0
DA:610,0
DA:611,0
DA:615,0
DA:616,0
DA:617,0
DA:621,0
DA:622,0
DA:623,0
DA:624,0
DA:628,2
DA:630,2
DA:631,4
DA:632,0
DA:634,4
DA:635,8
DA:640,0
DA:642,0
DA:643,0
DA:644,0
DA:645,0
DA:646,0
DA:655,2
DA:658,4
DA:659,2
DA:664,2
DA:667,4
DA:668,2
DA:672,2
DA:676,4
DA:677,2
DA:681,2
DA:682,2
DA:683,8
DA:684,2
DA:685,4
DA:686,2
DA:689,0
DA:692,0
DA:693,0
DA:694,0
DA:695,0
DA:697,0
DA:698,0
DA:699,0
DA:701,0
DA:703,0
DA:704,0
DA:706,0
DA:707,0
DA:709,0
DA:714,2
DA:715,2
DA:716,0
DA:718,0
DA:719,0
DA:720,0
DA:721,0
DA:722,0
DA:723,0
DA:724,0
DA:725,0
DA:729,0
DA:731,0
DA:739,0
DA:741,0
DA:743,0
DA:744,0
DA:745,0
DA:746,0
DA:750,0
DA:751,0
DA:752,0
DA:753,0
DA:754,0
DA:758,0
DA:760,0
DA:761,0
DA:762,0
DA:763,0
DA:764,0
DA:767,0
DA:769,0
DA:770,0
DA:771,0
DA:772,0
DA:773,0
DA:777,0
DA:778,0
DA:779,0
DA:780,0
DA:781,0
DA:783,0
DA:784,0
DA:785,0
DA:786,0
DA:787,0
DA:788,0
DA:789,0
DA:793,0
DA:795,0
DA:796,0
DA:797,0
DA:798,0
DA:799,0
DA:800,0
DA:803,0
DA:804,0
DA:805,0
DA:808,0
DA:809,0
DA:810,0
DA:811,0
DA:818,0
DA:823,0
DA:827,0
DA:828,0
DA:829,0
DA:834,0
DA:835,0
DA:836,0
DA:837,0
DA:841,0
DA:843,0
DA:844,0
DA:845,0
DA:846,0
DA:850,0
DA:852,0
DA:853,0
DA:854,0
DA:856,0
DA:857,0
DA:859,0
DA:860,0
DA:865,0
DA:867,0
DA:868,0
DA:869,0
DA:870,0
DA:871,0
DA:872,0
DA:881,2
DA:884,4
DA:885,2
DA:890,2
DA:894,4
DA:895,2
DA:899,2
DA:903,4
DA:904,2
DA:909,4
DA:910,2
DA:915,4
DA:916,2
DA:920,4
DA:921,2
DA:925,4
DA:926,2
DA:929,2
DA:933,4
DA:934,2
DA:936,2
DA:938,18
DA:939,2
DA:940,4
DA:941,2
DA:944,2
DA:947,2
DA:948,2
DA:949,2
DA:950,0
DA:952,2
DA:953,2
DA:955,4
DA:956,2
DA:958,0
DA:960,2
DA:961,2
DA:962,6
DA:964,0
DA:966,2
DA:967,2
DA:968,6
DA:970,0
DA:972,2
DA:973,2
DA:974,6
DA:976,0
DA:978,2
DA:979,2
DA:980,6
DA:982,0
DA:984,2
DA:985,2
DA:986,6
DA:988,0
DA:990,2
DA:991,2
DA:992,6
DA:994,0
DA:999,2
DA:1000,2
DA:1001,1
DA:1003,0
DA:1004,1
DA:1005,2
DA:1006,3
DA:1007,2
DA:1008,3
DA:1009,2
DA:1010,3
DA:1011,2
DA:1012,3
DA:1013,2
DA:1014,3
DA:1015,2
DA:1016,3
DA:1017,2
DA:1018,3
DA:1019,2
DA:1020,3
DA:1024,0
DA:1026,0
DA:1039,1
DA:1048,0
DA:1050,0
DA:1051,0
DA:1052,0
DA:1053,0
DA:1054,0
DA:1055,0
DA:1056,0
DA:1057,0
DA:1058,0
DA:1062,0
DA:1063,0
DA:1064,0
DA:1065,0
DA:1066,0
DA:1067,0
DA:1068,0
DA:1069,0
DA:1070,0
DA:1071,0
DA:1075,0
DA:1077,0
DA:1078,0
DA:1079,0
DA:1080,0
DA:1081,0
DA:1082,0
DA:1083,0
DA:1084,0
DA:1085,0
DA:1086,0
DA:1089,0
DA:1091,0
DA:1092,0
DA:1093,0
DA:1094,0
DA:1095,0
DA:1096,0
DA:1097,0
DA:1098,0
DA:1099,0
DA:1100,0
DA:1104,0
DA:1113,0
DA:1114,0
DA:1115,0
DA:1116,0
DA:1117,0
DA:1118,0
DA:1119,0
DA:1120,0
DA:1121,0
DA:1123,0
DA:1124,0
DA:1125,0
DA:1126,0
DA:1127,0
DA:1128,0
DA:1129,0
DA:1130,0
DA:1131,0
DA:1132,0
DA:1133,0
DA:1134,0
DA:1138,0
DA:1140,0
DA:1141,0
DA:1142,0
DA:1143,0
DA:1144,0
DA:1145,0
DA:1146,0
DA:1147,0
DA:1148,0
DA:1149,0
DA:1150,0
DA:1153,0
DA:1154,0
DA:1155,0
DA:1156,0
DA:1159,0
DA:1160,0
DA:1161,0
DA:1162,0
DA:1163,0
DA:1164,0
DA:1165,0
DA:1166,0
DA:1167,0
DA:1179,2
DA:1189,0
DA:1198,0
DA:1199,0
DA:1200,0
DA:1201,0
DA:1202,0
DA:1203,0
DA:1204,0
DA:1205,0
DA:1215,0
DA:1216,0
DA:1217,0
DA:1218,0
DA:1219,0
DA:1220,0
DA:1221,0
DA:1222,0
DA:1223,0
DA:1227,0
DA:1236,0
DA:1237,0
DA:1238,0
DA:1239,0
DA:1240,0
DA:1241,0
DA:1242,0
DA:1243,0
DA:1244,0
DA:1248,2
DA:1250,2
DA:1251,4
DA:1252,0
DA:1254,4
DA:1255,8
DA:1257,4
DA:1258,8
DA:1260,4
DA:1261,8
DA:1263,4
DA:1264,8
DA:1266,4
DA:1267,8
DA:1269,4
DA:1270,8
DA:1272,4
DA:1273,8
DA:1278,0
DA:1280,0
DA:1281,0
DA:1282,0
DA:1283,0
DA:1284,0
DA:1285,0
DA:1286,0
DA:1287,0
DA:1288,0
DA:1289,0
DA:1290,0
DA:1299,2
DA:1302,4
DA:1303,2
DA:1308,2
DA:1311,4
DA:1312,2
DA:1316,2
DA:1320,4
DA:1321,2
DA:1325,2
DA:1326,2
DA:1327,8
DA:1328,2
DA:1329,4
DA:1330,2
DA:1333,0
DA:1336,0
DA:1337,0
DA:1338,0
DA:1339,0
DA:1341,0
DA:1342,0
DA:1343,0
DA:1345,0
DA:1347,0
DA:1348,0
DA:1350,0
DA:1351,0
DA:1353,0
DA:1358,2
DA:1359,2
DA:1360,0
DA:1362,0
DA:1363,0
DA:1364,0
DA:1365,0
DA:1366,0
DA:1367,0
DA:1368,0
DA:1369,0
DA:1373,0
DA:1375,0
DA:1384,0
DA:1386,0
DA:1388,0
DA:1389,0
DA:1390,0
DA:1391,0
DA:1395,0
DA:1396,0
DA:1397,0
DA:1398,0
DA:1399,0
DA:1403,0
DA:1405,0
DA:1406,0
DA:1407,0
DA:1408,0
DA:1409,0
DA:1412,0
DA:1414,0
DA:1415,0
DA:1416,0
DA:1417,0
DA:1418,0
DA:1422,0
DA:1423,0
DA:1424,0
DA:1425,0
DA:1426,0
DA:1428,0
DA:1429,0
DA:1430,0
DA:1431,0
DA:1433,0
DA:1437,0
DA:1439,0
DA:1440,0
DA:1441,0
DA:1442,0
DA:1443,0
DA:1444,0
DA:1447,0
DA:1448,0
DA:1449,0
DA:1452,0
DA:1453,0
DA:1454,0
DA:1455,0
DA:1462,0
DA:1467,0
DA:1471,0
DA:1472,0
DA:1473,0
DA:1478,0
DA:1479,0
DA:1480,0
DA:1481,0
DA:1485,0
DA:1487,0
DA:1488,0
DA:1489,0
DA:1490,0
DA:1494,0
DA:1496,0
DA:1497,0
DA:1498,0
DA:1500,0
DA:1501,0
DA:1503,0
DA:1504,0
DA:1509,0
DA:1511,0
DA:1512,0
DA:1513,0
DA:1514,0
DA:1515,0
DA:1516,0
DA:1521,4
DA:1522,0
DA:1523,4
DA:1524,4
DA:1525,2
DA:1526,2
DA:1527,4
DA:1528,4
DA:1529,0
DA:1531,0
DA:1532,2
DA:1534,12
DA:1562,0
DA:1564,0
DA:1566,0
DA:1568,0
DA:1570,0
DA:1572,0
DA:1573,0
DA:1576,0
DA:1577,0
DA:1578,0
DA:1581,0
DA:1583,0
DA:1585,0
DA:1587,0
DA:1588,0
DA:1589,0
DA:1591,0
DA:1592,0
DA:1593,0
DA:1598,0
DA:1605,0
DA:1606,0
DA:1608,0
DA:1609,0
DA:1611,0
DA:1612,0
DA:1614,0
DA:1615,0
DA:1617,0
DA:1618,0
DA:1620,0
DA:1621,0
DA:1623,0
DA:1624,0
DA:1626,0
DA:1627,0
DA:1629,0
DA:1630,0
DA:1632,0
DA:1634,0
DA:1636,0
DA:1637,0
DA:1638,0
DA:1639,0
DA:1642,0
DA:1643,0
DA:1644,0
DA:1650,0
DA:1653,0
DA:1655,0
DA:1657,0
DA:1658,0
DA:1659,0
DA:1660,0
DA:1663,0
DA:1664,0
DA:1665,0
DA:1671,0
DA:1677,0
DA:1684,0
DA:1685,0
DA:1687,0
DA:1688,0
DA:1690,0
DA:1691,0
DA:1693,0
DA:1694,0
DA:1695,0
DA:1697,0
DA:1698,0
DA:1700,0
DA:1701,0
DA:1703,0
DA:1704,0
DA:1706,0
DA:1707,0
DA:1709,0
DA:1710,0
DA:1715,0
DA:1722,0
DA:1723,0
DA:1725,0
DA:1726,0
DA:1728,0
DA:1729,0
DA:1731,0
DA:1732,0
DA:1734,0
DA:1735,0
DA:1737,0
DA:1738,0
DA:1740,0
DA:1741,0
DA:1743,0
DA:1744,0
DA:1746,0
DA:1747,0
DA:1749,0
DA:1751,0
DA:1753,0
DA:1754,0
DA:1755,0
DA:1756,0
DA:1759,0
DA:1760,0
DA:1761,0
DA:1767,0
DA:1770,0
DA:1772,0
DA:1774,0
DA:1775,0
DA:1776,0
DA:1777,0
DA:1780,0
DA:1781,0
DA:1782,0
DA:1788,0
DA:1805,0
DA:1806,0
DA:1809,0
DA:1810,0
DA:1811,0
DA:1812,0
DA:1813,0
DA:1814,0
DA:1815,0
DA:1826,0
DA:1837,0
DA:1848,0
DA:1859,0
DA:1860,0
DA:1861,0
DA:1862,0
DA:1863,0
DA:1865,0
DA:1867,0
DA:1868,0
DA:1869,0
DA:1872,0
DA:1873,0
DA:1875,0
DA:1879,0
DA:1880,0
DA:1881,0
DA:1882,0
DA:1883,0
DA:1885,0
DA:1888,0
DA:1892,0
DA:1893,0
DA:1894,0
DA:1895,0
DA:1896,0
DA:1898,0
DA:1932,0
DA:1934,0
DA:1936,0
DA:1937,0
DA:1938,0
DA:1940,0
DA:1941,0
DA:1942,0
DA:1943,0
DA:1946,0
DA:1947,0
DA:1948,0
DA:1951,0
DA:1953,0
DA:1954,0
DA:1955,0
DA:1957,0
DA:1958,0
DA:1959,0
DA:1961,0
DA:1962,0
DA:1963,0
DA:1969,0
DA:1976,0
DA:1977,0
DA:1979,0
DA:1980,0
DA:1982,0
DA:1984,0
DA:1986,0
DA:1987,0
DA:1988,0
DA:1989,0
DA:1992,0
DA:1993,0
DA:1994,0
DA:2000,0
DA:2003,0
DA:2005,0
DA:2007,0
DA:2008,0
DA:2009,0
DA:2010,0
DA:2013,0
DA:2014,0
DA:2015,0
DA:2021,0
DA:2027,0
DA:2034,0
DA:2035,0
DA:2037,0
DA:2038,0
DA:2043,0
DA:2050,0
DA:2051,0
DA:2053,0
DA:2054,0
DA:2056,0
DA:2058,0
DA:2060,0
DA:2061,0
DA:2062,0
DA:2063,0
DA:2066,0
DA:2067,0
DA:2068,0
DA:2074,0
DA:2077,0
DA:2079,0
DA:2081,0
DA:2082,0
DA:2083,0
DA:2084,0
DA:2087,0
DA:2088,0
DA:2089,0
DA:2095,0
DA:2111,0
DA:2112,0
DA:2115,0
DA:2116,0
DA:2117,0
DA:2118,0
DA:2119,0
DA:2120,0
DA:2121,0
DA:2125,0
DA:2129,0
DA:2133,0
DA:2137,0
DA:2138,0
DA:2139,0
DA:2140,0
DA:2142,0
DA:2143,0
DA:2145,0
DA:2147,0
DA:2148,0
DA:2149,0
DA:2152,0
DA:2153,0
DA:2155,0
DA:2159,0
DA:2160,0
DA:2161,0
DA:2162,0
DA:2164,0
DA:2165,0
DA:2168,0
DA:2172,0
DA:2173,0
DA:2174,0
DA:2175,0
DA:2177,0
DA:2178,0
DA:2214,0
DA:2217,0
DA:2218,0
DA:2220,0
DA:2221,0
DA:2223,0
DA:2224,0
DA:2225,0
DA:2227,0
DA:2228,0
DA:2231,0
DA:2232,0
DA:2233,0
DA:2235,0
DA:2236,0
DA:2238,0
DA:2239,0
DA:2240,0
DA:2242,0
DA:2243,0
DA:2249,0
DA:2256,0
DA:2257,0
DA:2259,0
DA:2260,0
DA:2262,0
DA:2263,0
DA:2264,0
DA:2265,0
DA:2268,0
DA:2269,0
DA:2270,0
DA:2279,0
DA:2280,0
DA:2282,0
DA:2283,0
DA:2284,0
DA:2285,0
DA:2288,0
DA:2289,0
DA:2290,0
DA:2302,0
DA:2309,0
DA:2310,0
DA:2312,0
DA:2313,0
DA:2315,0
DA:2316,0
DA:2317,0
DA:2318,0
DA:2321,0
DA:2322,0
DA:2323,0
DA:2332,0
DA:2333,0
DA:2335,0
DA:2336,0
DA:2337,0
DA:2338,0
DA:2341,0
DA:2342,0
DA:2343,0
DA:2355,0
DA:2362,0
DA:2363,0
DA:2365,0
DA:2366,0
DA:2368,0
DA:2369,0
DA:2370,0
DA:2371,0
DA:2374,0
DA:2375,0
DA:2376,0
DA:2385,0
DA:2386,0
DA:2388,0
DA:2389,0
DA:2390,0
DA:2391,0
DA:2394,0
DA:2395,0
DA:2396,0
DA:2418,0
DA:2420,0
DA:2423,0
DA:2424,0
DA:2425,0
DA:2426,0
DA:2427,0
DA:2428,0
DA:2429,0
DA:2434,0
DA:2439,0
DA:2444,0
DA:2449,0
DA:2450,0
DA:2451,0
DA:2452,0
DA:2454,0
DA:2455,0
DA:2456,0
DA:2458,0
DA:2471,0
DA:2473,0
DA:2475,0
DA:2477,0
DA:2479,0
DA:2483,0
DA:2485,0
DA:2487,0
DA:2489,0
DA:2490,0
DA:2496,0
DA:2497,0
DA:2539,0
DA:2541,0
DA:2542,0
DA:2543,0
DA:2545,0
DA:2546,0
DA:2548,0
DA:2549,0
DA:2550,0
DA:2552,0
DA:2553,0
DA:2556,0
DA:2558,0
DA:2559,0
DA:2560,0
DA:2562,0
DA:2563,0
DA:2564,0
DA:2566,0
DA:2567,0
DA:2568,0
DA:2574,0
DA:2581,0
DA:2582,0
DA:2584,0
DA:2585,0
DA:2587,0
DA:2588,0
DA:2590,0
DA:2591,0
DA:2593,0
DA:2594,0
DA:2596,0
DA:2597,0
DA:2599,0
DA:2600,0
DA:2602,0
DA:2603,0
DA:2605,0
DA:2606,0
DA:2607,0
DA:2608,0
DA:2611,0
DA:2612,0
DA:2613,0
DA:2622,0
DA:2624,0
DA:2626,0
DA:2627,0
DA:2628,0
DA:2629,0
DA:2632,0
DA:2633,0
DA:2634,0
DA:2640,0
DA:2646,0
DA:2653,0
DA:2654,0
DA:2656,0
DA:2657,0
DA:2659,0
DA:2660,0
DA:2662,0
DA:2663,0
DA:2665,0
DA:2666,0
DA:2668,0
DA:2669,0
DA:2671,0
DA:2672,0
DA:2674,0
DA:2675,0
DA:2677,0
DA:2678,0
DA:2679,0
DA:2680,0
DA:2683,0
DA:2684,0
DA:2685,0
DA:2697,0
DA:2704,0
DA:2705,0
DA:2707,0
DA:2708,0
DA:2710,0
DA:2711,0
DA:2713,0
DA:2714,0
DA:2716,0
DA:2717,0
DA:2719,0
DA:2720,0
DA:2722,0
DA:2723,0
DA:2725,0
DA:2726,0
DA:2728,0
DA:2729,0
DA:2730,0
DA:2731,0
DA:2734,0
DA:2735,0
DA:2736,0
DA:2745,0
DA:2747,0
DA:2749,0
DA:2750,0
DA:2751,0
DA:2752,0
DA:2755,0
DA:2756,0
DA:2757,0
DA:2763,0
DA:2779,0
DA:2780,0
DA:2783,0
DA:2784,0
DA:2785,0
DA:2786,0
DA:2787,0
DA:2788,0
DA:2789,0
DA:2799,0
DA:2809,0
DA:2819,0
DA:2829,0
DA:2830,0
DA:2831,0
DA:2832,0
DA:2834,0
DA:2835,0
DA:2837,0
DA:2839,0
DA:2840,0
DA:2854,0
DA:2856,0
DA:2858,0
DA:2860,0
DA:2862,0
DA:2868,0
DA:2869,0
DA:2871,0
DA:2875,0
DA:2876,0
DA:2877,0
DA:2878,0
DA:2880,0
DA:2881,0
DA:2917,0
DA:2920,0
DA:2921,0
DA:2923,0
DA:2924,0
DA:2926,0
DA:2927,0
DA:2928,0
DA:2930,0
DA:2931,0
DA:2934,0
DA:2935,0
DA:2936,0
DA:2938,0
DA:2939,0
DA:2941,0
DA:2942,0
DA:2943,0
DA:2945,0
DA:2946,0
DA:2952,0
DA:2959,0
DA:2960,0
DA:2962,0
DA:2963,0
DA:2965,0
DA:2966,0
DA:2967,0
DA:2968,0
DA:2971,0
DA:2972,0
DA:2973,0
DA:2982,0
DA:2983,0
DA:2985,0
DA:2986,0
DA:2987,0
DA:2988,0
DA:2991,0
DA:2992,0
DA:2993,0
DA:3005,0
DA:3012,0
DA:3013,0
DA:3015,0
DA:3016,0
DA:3018,0
DA:3019,0
DA:3020,0
DA:3021,0
DA:3024,0
DA:3025,0
DA:3026,0
DA:3035,0
DA:3036,0
DA:3038,0
DA:3039,0
DA:3040,0
DA:3041,0
DA:3044,0
DA:3045,0
DA:3046,0
DA:3058,0
DA:3065,0
DA:3066,0
DA:3068,0
DA:3069,0
DA:3071,0
DA:3072,0
DA:3073,0
DA:3074,0
DA:3077,0
DA:3078,0
DA:3079,0
DA:3088,0
DA:3089,0
DA:3091,0
DA:3092,0
DA:3093,0
DA:3094,0
DA:3097,0
DA:3098,0
DA:3099,0
DA:3121,0
DA:3122,0
DA:3125,0
DA:3126,0
DA:3127,0
DA:3128,0
DA:3129,0
DA:3130,0
DA:3131,0
DA:3136,0
DA:3141,0
DA:3146,0
DA:3151,0
DA:3152,0
DA:3153,0
DA:3154,0
DA:3156,0
DA:3157,0
DA:3158,0
DA:3160,0
DA:3173,0
DA:3175,0
DA:3177,0
DA:3179,0
DA:3181,0
DA:3185,0
DA:3187,0
DA:3189,0
DA:3191,0
DA:3197,0
DA:3198,0
DA:3220,0
DA:3221,0
DA:3222,0
DA:3223,0
DA:3224,0
DA:3225,0
DA:3226,0
DA:3227,0
DA:3228,0
DA:3229,0
DA:3230,0
LF:1494
LH:202
end_of_record
SF:lib\data\data_base\data_base.dart
DA:14,0
DA:15,0
DA:16,0
DA:20,0
DA:21,0
DA:25,0
DA:26,0
DA:27,0
DA:28,0
DA:29,0
DA:30,0
DA:31,0
DA:32,0
DA:33,0
DA:34,0
DA:38,0
DA:39,0
DA:40,0
DA:41,0
DA:42,0
DA:43,0
DA:44,0
DA:45,0
DA:49,0
DA:50,0
DA:51,0
DA:57,4
DA:59,2
DA:63,0
DA:64,0
DA:65,0
DA:66,0
DA:67,0
DA:68,0
DA:69,0
DA:71,0
DA:77,2
DA:79,4
DA:80,2
DA:81,2
DA:82,2
DA:83,2
DA:88,0
DA:90,0
DA:94,2
DA:95,4
DA:96,6
DA:97,4
DA:98,4
DA:99,4
DA:100,4
DA:101,4
DA:103,2
DA:104,2
DA:105,2
DA:106,2
DA:107,2
DA:108,2
DA:109,4
DA:110,4
DA:111,2
DA:112,2
LF:62
LH:26
end_of_record
SF:lib\data\repositories\department_repository_impl.dart
DA:11,1
DA:15,1
DA:19,1
DA:21,2
DA:23,5
DA:25,1
DA:27,0
DA:31,0
DA:35,0
DA:36,0
DA:37,0
DA:38,0
DA:39,0
DA:41,0
DA:42,0
DA:43,0
DA:46,0
DA:48,0
DA:52,1
DA:55,2
DA:56,0
DA:59,5
DA:62,4
DA:63,1
DA:65,1
DA:66,1
DA:68,0
DA:72,0
DA:76,0
DA:78,0
DA:79,0
DA:81,0
DA:82,0
DA:83,0
DA:85,0
DA:87,0
DA:91,1
DA:92,2
DA:95,1
DA:96,2
LF:40
LH:17
end_of_record
SF:lib\core\errors\failure.dart
DA:2,1
LF:1
LH:1
end_of_record
SF:lib\data\dtos\department_dto.dart
DA:6,1
DA:14,2
DA:15,1
DA:16,1
DA:19,2
DA:20,1
DA:21,1
DA:24,2
DA:25,2
DA:28,2
DA:29,1
DA:30,1
LF:12
LH:12
end_of_record
SF:lib\data\dtos\employee_dto.dart
DA:10,3
DA:30,6
DA:31,3
DA:32,3
DA:33,3
DA:34,3
DA:35,3
DA:36,6
DA:37,6
DA:38,3
DA:41,2
DA:42,1
DA:43,1
DA:44,1
DA:45,1
DA:46,1
DA:47,2
DA:48,2
DA:49,1
DA:52,2
DA:53,2
DA:54,2
DA:55,2
DA:56,2
DA:57,2
DA:58,2
DA:59,2
DA:62,3
DA:63,3
DA:64,9
DA:65,0
DA:69,3
DA:70,3
DA:71,9
DA:72,0
DA:76,2
DA:77,1
DA:78,1
DA:79,1
DA:80,1
DA:81,1
DA:82,1
DA:83,1
DA:84,1
DA:87,0
DA:88,0
DA:89,0
DA:90,0
DA:91,0
DA:92,0
DA:93,0
DA:94,0
LF:52
LH:42
end_of_record
SF:lib\data\dtos\set_changed.dart
DA:3,0
DA:4,0
LF:2
LH:0
end_of_record
SF:lib\data\repositories\employee_repository_impl.dart
DA:14,1
DA:22,1
DA:27,2
DA:29,5
DA:31,1
DA:33,0
DA:37,0
DA:42,0
DA:43,0
DA:44,0
DA:46,0
DA:48,0
DA:52,1
DA:55,2
DA:58,2
DA:61,4
DA:62,4
DA:63,1
DA:65,1
DA:66,0
DA:69,3
DA:71,1
DA:73,0
DA:77,1
DA:80,5
DA:83,4
DA:84,1
DA:86,1
DA:88,0
DA:92,0
DA:97,0
DA:98,0
DA:99,0
DA:102,0
DA:103,0
DA:105,0
DA:107,0
DA:111,0
DA:116,0
DA:117,0
DA:118,0
DA:119,0
DA:120,0
DA:122,0
DA:124,0
DA:125,0
DA:126,0
DA:129,0
DA:130,0
DA:132,0
DA:134,0
DA:138,0
DA:144,0
DA:145,0
DA:146,0
DA:147,0
DA:149,0
DA:150,0
DA:151,0
DA:153,0
DA:155,0
LF:61
LH:19
end_of_record
SF:lib\data\dtos\participation_dto.dart
DA:7,1
DA:14,2
DA:15,2
DA:16,5
DA:19,0
DA:20,0
DA:21,0
DA:22,0
DA:23,0
DA:24,0
DA:27,0
DA:28,0
DA:29,0
DA:31,0
DA:32,0
LF:15
LH:4
end_of_record
SF:lib\data\dtos\task_dto.dart
DA:10,1
DA:31,2
DA:32,1
DA:33,1
DA:34,1
DA:35,1
DA:36,1
DA:37,1
DA:38,1
DA:39,1
DA:40,2
DA:43,0
DA:44,0
DA:45,0
DA:46,0
DA:47,0
DA:48,0
DA:49,0
DA:50,0
DA:51,0
DA:52,0
DA:55,1
DA:56,1
DA:57,3
DA:58,0
DA:62,0
DA:63,0
DA:64,0
DA:65,0
DA:66,0
DA:67,0
DA:68,0
DA:69,0
DA:70,0
DA:73,0
DA:74,0
DA:75,0
DA:76,0
DA:77,0
DA:78,0
DA:79,0
DA:80,0
DA:81,0
DA:82,0
DA:85,0
DA:86,0
DA:87,0
DA:88,0
DA:89,0
DA:90,0
DA:91,0
DA:92,0
DA:94,0
DA:96,0
DA:97,0
LF:55
LH:14
end_of_record
